D:\topograf\tarim-IVAN2.dwg,Model,24/02/2005 10:06:18 a.,Comunidad,HP DesignJet 450C (E/A0) by HP,ISO A0 - 841 x 1189 mm.,1:1,
D:\topograf\ejidos huetamo\imss-mirandillas.dwg,Model,06/12/2005 06:21:08 p.,admon,HP900x1120.pc3,User259,1:81.1066,
D:\topograf\3MARIASB12-4alzua.dwg,Model,20/12/2005 03:33:25 p.,admon,HP900x600.pc3,User1281,1:0.1,
D:\imss\clinicas ejido y comunidad\Primo Tapia (Santa Ana Chapitiro)-PATZCUARO-imss.dwg,Model,25/08/2007 02:34:16 p.,msa,legal.pc3,Oficio (portrait),1:0.5,
D:\imss\clinicas ejido y comunidad\san francisco periban-PERIBAN-IMSS.dwg,Model,25/08/2007 02:47:55 p.,msa,legal.pc3,Oficio (portrait),1:0.5,
D:\imss\clinicas ejido y comunidad\Zirahuen - imss.dwg,Model,29/08/2007 02:04:43 p.,msa,legal.pc3,Oficio (portrait),1:0.5,
D:\imss\clinicas ejido y comunidad\tancitaro-TANCITARO-imss.dwg,Model,29/08/2007 02:07:02 p.,msa,legal.pc3,Oficio (portrait),1:0.5,
D:\topograf\ejidos huetamo\VICENTE RIVAPALACIO-SAN LUCAS-IMSS.dwg,Model,29/08/2007 02:13:10 p.,msa,legal.pc3,Oficio (portrait),1:0.5,
D:\imss\clinicas ejido y comunidad\Primo Tapia (Santa Ana Chapitiro)-PATZCUARO-imss.dwg,Model,01/11/2007 04:10:08 p.,msa,HP DesignJet 450C (E/A0) by HP,ANSI A - 8 1/2 x 11 in. (portrait),1:10.8313,
D:\imss\clinicas ejido y comunidad\zatzio-ario-imss.dwg,Model,03/11/2007 01:42:43 p.,msa,legal.pc3,ANSI A - 8 1/2 x 11 in. (portrait),1:10.8313,
D:\imss\clinicas ejido y comunidad\zatzio-ario-imss.dwg,Model,03/11/2007 01:52:01 p.,msa,legal.pc3,ANSI A - 8 1/2 x 11 in. (portrait),1:10.8313,
D:\topograf\cafe organico.dwg,Model,13/11/2007 06:06:54 p.,msa,HP DesignJet 450C (E/A0) by HP,ANSI A - 8 1/2 x 11 in. (portrait),1:8.07453,
D:\topograf\cafe organico.dwg,Model,13/11/2007 06:08:04 p.,msa,HP DesignJet 450C (E/A0) by HP,ANSI A - 8 1/2 x 11 in. (portrait),1:8.07453,
D:\topograf\cafe organico.dwg,Model,13/11/2007 06:30:07 p.,msa,HP DesignJet 450C (E/A0) by HP,ANSI A - 8 1/2 x 11 in. (portrait),1:8.07453,
D:\imss\clinicas ejido y comunidad\NARANJA DE TAPIA-ZACAPU-IMSS.dwg,Model,13/12/2007 12:24:16 p.,msa,HP Deskjet D2300 series,Carta,1:10.1202,
D:\imss\clinicas ejido y comunidad\tirindaro-zacapu.dwg,Model,13/12/2007 12:56:09 p.,msa,HP Deskjet D2300 series,Carta,1:10.1202,
D:\imss\clinicas pequeña propiedad\MANZANO DE CHINCUA-SENGUIO-IMSS.dwg,Model,13/12/2007 06:34:14 p.,msa,HP Deskjet D2300 series,Carta,1:10.1202,
D:\topograf\2004-1993\CAÑADA DE BUENAVISTA-HUETAMO-IMSS.dwg,Model,13/12/2007 06:37:53 p.,msa,HP Deskjet D2300 series,Carta,1:14.0733,
G:\juan ortiz terreno PLAYA.dwg,Model,13/12/2007 06:42:58 p.,msa,HP Deskjet D2300 series,Carta,1:39.2011,
D:\imss\clinicas pequeña propiedad\TUPATARO.dwg,Model,14/12/2007 02:27:26 p.,msa,HP Deskjet D2300 series,Carta,1:10.1202,
D:\imss\clinicas pequeña propiedad\zacan.dwg,Model,14/12/2007 02:28:17 p.,msa,HP Deskjet D2300 series,Carta,1:9.83683,
D:\imss\clinicas pequeña propiedad\TEJARO DE LOS MARTINEZ-TARIMBARO-IMSS.dwg,Model,14/12/2007 02:32:36 p.,msa,HP Deskjet D2300 series,Carta,1:8.39409,
D:\imss\clinicas pequeña propiedad\san jose de la cumbre-querendaro.dwg,Model,14/12/2007 02:35:29 p.,msa,HP Deskjet D2300 series,Carta,1:7.26956,
D:\imss\clinicas pequeña propiedad\LA COYOTA-ZITACUARO-IMSS.dwg,Model,14/12/2007 03:11:55 p.,msa,HP Deskjet D2300 series,Carta,1:64.2383,
D:\imss\clinicas pequeña propiedad\ticuitaco-LA PIEDAD imss.dwg,Model,14/12/2007 03:14:26 p.,msa,HP Deskjet D2300 series,Carta,1:51.3266,
D:\imss\clinicas pequeña propiedad\mariano escobedo-Cuitzeo.dwg,Model,14/12/2007 03:22:20 p.,msa,HP Deskjet D2300 series,Carta,1:5.0601,
D:\imss\clinicas pequeña propiedad\CAPACHO-HUANDACAREO-IMSS.DWG,Model,14/12/2007 03:23:45 p.,msa,HP Deskjet D2300 series,Carta,1:6.07212,
D:\imss\clinicas pequeña propiedad\huajumbaro-ZINAPECUARO-IMSS.dwg,Model,14/12/2007 03:25:00 p.,msa,HP Deskjet D2300 series,Carta,1:10.1202,
D:\imss\clinicas pequeña propiedad\CUAMIO-cuitzeo.dwg,Model,14/12/2007 03:34:03 p.,msa,HP Deskjet D2300 series,Carta,1:10.1202,
D:\topograf\ejidos huetamo\ZURUMBENEO-IMSS.dwg,Model,14/12/2007 03:44:35 p.,msa,HP Deskjet D2300 series,Carta,1:7.18966,
D:\imss\clinicas pequeña propiedad\MACHO DE AGUA-ZITACUARO-IMSS.dwg,Model,14/12/2007 03:46:02 p.,msa,HP Deskjet D2300 series,Carta,1:6.04375,
D:\imss\clinicas pequeña propiedad\Etucuaro-TANGANCICUARO-IMSS.dwg,Model,14/12/2007 03:50:10 p.,msa,HP Deskjet D2300 series,Carta,1:25.7008,
D:\imss\clinicas ejido y comunidad\sn jeronimo-HUETAMO-IMSS.dwg,Model,14/12/2007 05:12:22 p.,msa,HP Deskjet D2300 series,Carta,1:10.1202,
D:\imss\clinicas ejido y comunidad\tzatzio-ario-imss.dwg,Model,14/12/2007 05:14:48 p.,msa,HP Deskjet D2300 series,Carta,1:10.1202,
D:\imss\clinicas pequeña propiedad\UCAREO-ZINAPECUARO-IMSS.dwg,Model,14/12/2007 05:16:31 p.,msa,HP Deskjet D2300 series,Carta,1:10.1202,
D:\colonia 18 de mayo.dwg,Model,14/12/2007 05:18:18 p.,msa,HP Deskjet D2300 series,Carta,1:15.558,
D:\imss\clinicas ejido y comunidad\EL NARANJO-AGUILILLA-imss.dwg,Model,14/12/2007 05:25:47 p.,msa,HP Deskjet D2300 series,Carta,1:14.0733,
D:\imss\clinicas ejido y comunidad\AGUILILLA-AGUILILLA-imss.dwg,Model,14/12/2007 05:31:28 p.,msa,HP Deskjet D2300 series,Carta,1:14.0733,
D:\imss\clinicas pequeña propiedad\SAN JERONIMO PURENCHECUARO-QUIROGA.dwg,Model,15/12/2007 01:18:29 p.,msa,HP Deskjet D2300 series,Carta,1:7.32846,
D:\imss\clinicas ejido y comunidad\EXHACIENDA DE DOLORES-SUSUAPUATO DE GUERRERO-IMSS.dwg,Model,15/12/2007 01:43:10 p.,msa,HP Deskjet D2300 series,Carta,1:13.8824,
D:\topograf\SAN SIMON-IXTLAN-IMSS.dwg,Model,15/12/2007 01:57:47 p.,msa,HP Deskjet D2300 series,Carta,1:40.4808,
D:\imss\clinicas pequeña propiedad\santas marias-TACAMBARO-IMSS.dwg,Model,15/12/2007 02:06:42 p.,msa,HP Deskjet D2300 series,Carta,1:27.8891,
D:\imss\clinicas pequeña propiedad\SANTA FE DE LA LAGUNA-QUIROGA-IMSS.dwg,Model,22/12/2007 01:20:12 p.,msa,HP Deskjet D2300 series,Carta,1:8.09615,
D:\topograf\CHERAN (BARRIO 1) IMSS.dwg,Model,22/12/2007 02:04:41 p.,msa,HP Deskjet D2300 series,Carta,1:6.43472,
D:\topograf\CHERAN (PARICUTIN) - IMSS.dwg,Model,22/12/2007 02:17:09 p.,msa,HP Deskjet D2300 series,Carta,1:4.62492,
D:\topograf\CUANAJO - IMSS.dwg,Model,22/12/2007 02:25:05 p.,msa,HP Deskjet D2300 series,Oficio,1:12.7,
C:\Documents and Settings\msa\Escritorio\imss\CHERANATZICURIN-PARACHO-IMSS.dwg,Model,22/12/2007 03:08:28 p.,msa,HP Deskjet D2300 series,Carta,1:7.36235,
G:\fraccionamiento vista bella.dwg,Model,04/01/2008 03:45:09 p.,msa,900X700.pc3,Pers. 1: 700 x 900 mm. (landscape),1:2,
G:\fraccionamiento vista bella.dwg,Model,04/01/2008 03:54:45 p.,msa,900X950.pc3,Pers. 1: 950 x 900 mm.,1:0.2,
G:\fraccionamiento vista bella.dwg,Model,04/01/2008 04:30:21 p.,msa,900X950.pc3,Pers. 1: 950 x 900 mm.,1:0.2,
D:\imss\ejidos sin completar\la estancia bellas fuentes nuevo centro-la huacana\La estancia - LA HUACANA.dwg,Model,18/01/2008 03:20:04 p.,msa,HP DesignJet 450C (E_A0) by HP.pc3,ANSI B - 11 x 17 in. (portrait),1:202.766,
D:\imss\ejidos sin completar\la estancia bellas fuentes nuevo centro-la huacana\La estancia - LA HUACANA.dwg,Model,18/01/2008 03:23:58 p.,msa,HP DesignJet 450C (E_A0) by HP.pc3,ANSI B - 11 x 17 in. (portrait),1:202.766,
D:\imss\clinicas ejido y comunidad\BELLAS FUENTES (NUEVO CENTRO)-LA HUACANA-IMSS.dwg,Model,18/01/2008 03:27:41 p.,msa,HP DesignJet 450C (E/A0) by HP,Legal de EE.UU. - 8,5 x 14 pulg. (portrait),1:0.5,
D:\imss\ejidos sin completar\CANCITA-PARACUARO\Cancita - Paracuaro.dwg,Model,25/01/2008 02:20:53 p.,msa,HP DesignJet 450C (E/A0) by HP,ANSI B - 11 x 17 in. (portrait),1:202.766,
D:\imss\ejidos sin completar\CANCITA-PARACUARO\Cancita - Paracuaro.dwg,Model,25/01/2008 02:27:19 p.,msa,HP DesignJet 450C (E/A0) by HP,ANSI B - 11 x 17 in. (portrait),1:202.766,
D:\imss\clinicas ejido y comunidad\las yeguas-PARACUARO-IMSS.dwg,Model,25/01/2008 03:17:06 p.,msa,HP DesignJet 450C (E/A0) by HP,Legal de EE.UU. - 8,5 x 14 pulg. (portrait),1:0.5,
D:\imss\clinicas ejido y comunidad\las yeguas-PARACUARO-IMSS.dwg,Model,25/01/2008 03:22:58 p.,msa,HP DesignJet 450C (E/A0) by HP,Legal de EE.UU. - 8,5 x 14 pulg. (portrait),1:0.5,
D:\imss\clinicas ejido y comunidad\EL CHAUZ -LA HUACANA-IMSS.dwg,Model,25/01/2008 03:42:02 p.,msa,HP DesignJet 450C (E/A0) by HP,Legal de EE.UU. - 8,5 x 14 pulg. (portrait),1:0.5,
D:\imss\ejidos sin completar\EL CHAUZ-HUACCANA-IMSS.dwg,Model,25/01/2008 03:46:10 p.,msa,HP DesignJet 450C (E/A0) by HP,ANSI B - 11 x 17 in. (portrait),1:202.766,
D:\imss\ejidos sin completar\EL CHAUZ-HUACCANA-IMSS.dwg,Model,25/01/2008 03:49:55 p.,msa,HP DesignJet 450C (E/A0) by HP,ANSI B - 11 x 17 in. (portrait),1:202.766,
D:\imss\clinicas ejido y comunidad\pedregoso-ario.dwg,Model,11/02/2008 08:38:09 p.,msa,HP Deskjet D2300 series,A4,1:26.9619,
D:\imss\ejidos sin completar\COMUNIDAD ARANZA-PARACHO\Comunidad Aranza - Paracuaro.dwg,Model,07/03/2008 01:36:28 p.,msa,900x1100.pc3,Pers. 1: 900 x 1100 mm.,1:2.5,
D:\imss\ejidos sin completar\COMUNIDAD ARANZA-PARACHO\Comunidad Aranza - Paracuaro.dwg,Model,07/03/2008 01:50:38 p.,msa,900x1100.pc3,Pers. 1: 900 x 1100 mm.,1:2.5,
D:\imss\ejidos sin completar\COMUNIDAD ARANZA-PARACHO\Comunidad Aranza - Paracuaro.dwg,Model,07/03/2008 01:51:33 p.,msa,900x1100.pc3,Pers. 1: 900 x 1100 mm.,1:2.5,
D:\Mis documentos\Bluetooth\share\gallineros\GALLINEROS-COTIJA.dwg,Model,03/09/2008 06:18:09 p.,msa,900x1100.pc3,Pers. 1: 900 x 1100 mm.,1:2.5,
D:\imss\clinicas pequeña propiedad\colonia18 de mayo-morelia.dwg,Model,19/09/2008 07:56:37 p.m.,x,HP Deskjet D2300 series,Carta,1:15.9082,
F:\poligono raul romero.dwg,Model,11/10/2008 11:38:17 a.m.,x,HP Deskjet D2300 series,Oficio,1:54.1732,
D:\imss\clinicas pequeña propiedad\comanja-coeneo-terreno.dwg,Model,23/10/2008 06:07:32 p.m.,x,HP Deskjet D2300 series,Carta,1:21.5152,
D:\imss\clinicas pequeña propiedad\comanja-coeneo-terreno.dwg,Model,23/10/2008 06:08:52 p.m.,x,HP Deskjet D2300 series,Carta,1:21.5152,
D:\imss\clinicas pequeña propiedad\comanja-coeneo-terreno.dwg,Model,23/10/2008 06:13:11 p.m.,x,HP Deskjet D2300 series,Carta,1:21.5152,
D:\imss\clinicas pequeña propiedad\comanja-coeneo-terreno.dwg,Model,23/10/2008 06:13:20 p.m.,x,HP Deskjet D2300 series,Carta,1:21.5152,
D:\imss\clinicas pequeña propiedad\comanja-coeneo-terreno.dwg,Model,23/10/2008 06:30:12 p.m.,x,HP Deskjet D2300 series,Carta,1:21.5152,
D:\imss\clinicas pequeña propiedad\comanja-coeneo-terreno.dwg,Model,23/10/2008 06:30:20 p.m.,x,HP Deskjet D2300 series,Carta,1:21.5152,
D:\imss\clinicas pequeña propiedad\comanja-coeneo-terreno.dwg,Model,23/10/2008 06:32:03 p.m.,x,HP Deskjet D2300 series,Carta,1:21.5152,
D:\imss\clinicas pequeña propiedad\comanja-coeneo-terreno.dwg,Model,23/10/2008 06:37:03 p.m.,x,HP Deskjet D2300 series,Carta,1:10.7576,
D:\MEMORIA SONY\PUERTA-DE-JARIPITIRO.dwg,Model,23/10/2008 06:53:34 p.m.,x,HP Deskjet D2300 series,Carta,1:7.814,
D:\dd1\Mis documentos\Bluetooth\share\cerrito de pescadore-Vcarransaimss.dwg,Model,28/10/2008 07:32:00 p.m.,x,HP Deskjet D2300 series,Oficio,1:0.5,
D:\dd2\imss\clinicas pequeña propiedad\SAN JERONIMO-HUETAMO.dwg,Model,03/11/2008 04:31:38 p.m.,x,HP Deskjet D2300 series,Carta,1:35.3549,
D:\dd2\imss\clinicas pequeña propiedad\SAN JERONIMO-HUETAMO.dwg,Model,03/11/2008 04:35:22 p.m.,x,HP Deskjet D2300 series,Carta,1:35.3549,
D:\imss\clinicas pequeña propiedad\ANGAO-SAN LUCAS-IMSS.dwg,Model,03/11/2008 04:36:09 p.m.,x,HP Deskjet D2300 series,Carta,1:32.1409,
D:\imss\clinicas pequeña propiedad\SAN PEDRITO-SAN LUCAS-IMSS.DWG,Model,03/11/2008 04:39:39 p.m.,x,HP Deskjet D2300 series,Carta,1:38.569,
D:\imss\clinicas pequeña propiedad\SAN PEDRITO-SAN LUCAS-IMSS.DWG,Model,03/11/2008 04:41:08 p.m.,x,HP Deskjet D2300 series,Carta,1:38.569,
D:\imss\clinicas ejido y comunidad\VICENTE RIVAPALACIO-SAN LUCAS-IMSS.dwg,Model,03/11/2008 04:43:09 p.m.,x,HP Deskjet D2300 series,Carta,1:38.569,
D:\imss\clinicas pequeña propiedad\MANZANO DE CHINCUA-SENGUIO-IMSS.dwg,Model,03/11/2008 04:56:53 p.m.,x,HP Deskjet D2300 series,Carta,1:21.4272,
D:\imss\clinicas pequeña propiedad\MANZANO DE CHINCUA-SENGUIO-IMSS.dwg,Model,03/11/2008 04:59:47 p.m.,x,HP Deskjet D2300 series,Carta,1:21.4272,
D:\imss\clinicas pequeña propiedad\16050031-URIPITIO-Maravatio.dwg,Model,03/11/2008 05:10:28 p.m.,x,HP Deskjet D2300 series,Carta,1:42.8545,
D:\imss\clinicas ejido y comunidad\SAN MATIAS EL GRANDE-CIUDAD HIDALGO.dwg,Model,03/11/2008 05:16:55 p.m.,x,HP Deskjet D2300 series,Carta,1:21.4272,
D:\imss\clinicas pequeña propiedad\huajumbaro-ZINAPECUARO-IMSS.dwg,Model,03/11/2008 05:23:16 p.m.,x,HP Deskjet D2300 series,Carta,1:21.4272,
D:\imss\clinicas ejido y comunidad\capula-morelia-imss.dwg,Model,03/11/2008 05:40:15 p.m.,x,HP Deskjet D2300 series,Carta,1:29.9981,
D:\imss\clinicas pequeña propiedad\SANTA MARIA JURUREMBARO- V M.dwg,Model,03/11/2008 06:08:28 p.m.,x,HP Deskjet D2300 series,Carta,1:32.1409,
D:\imss\clinicas pequeña propiedad\SANTA MARIA JURUREMBARO- V M.dwg,Model,03/11/2008 06:28:50 p.m.,x,HP Deskjet D2300 series,Carta,1:32.1409,
D:\imss\clinicas pequeña propiedad\chiquimitio-morelia-imss.dwg,Model,03/11/2008 06:30:46 p.m.,x,HP Deskjet D2300 series,Carta,1:27.8554,
D:\dd2\topograf\EJIDOS\ELCUERVO.dwg,Model,03/11/2008 06:37:57 p.m.,x,HP Deskjet D2300 series,Carta,1:25.927,
D:\imss\clinicas ejido y comunidad\SANLUCASPIO-IMSS.dwg,Model,03/11/2008 06:41:47 p.m.,x,HP Deskjet D2300 series,Carta,1:21.4272,
D:\imss\clinicas pequeña propiedad\CAPACHO-HUANDACAREO-IMSS.DWG,Model,03/11/2008 06:45:20 p.m.,x,HP Deskjet D2300 series,Carta,1:32.1409,
D:\imss\clinicas pequeña propiedad\CUAMIO-cuitzeo.dwg,Model,03/11/2008 06:49:38 p.m.,x,HP Deskjet D2300 series,Carta,1:32.1409,
D:\dd2\topograf\la purisima-ALVARO OBREGON-imss.dwg,Model,03/11/2008 06:57:07 p.m.,x,HP Deskjet D2300 series,Carta,1:21.4272,
D:\dd1\topograf\HUIRAMBA-IMSS.dwg,Model,03/11/2008 07:01:19 p.m.,x,HP Deskjet D2300 series,Carta,1:36.4263,
D:\dd2\topograf\capturas ejidos\atecuaro.dwg,Model,03/11/2008 07:05:57 p.m.,x,HP Deskjet D2300 series,Carta,1:42.8545,
D:\dd2\imss\clinicas pequeña propiedad\devanador-zitzio-imss.dwg,Model,03/11/2008 07:08:45 p.m.,x,HP Deskjet D2300 series,Carta,1:26.7841,
D:\imss\clinicas pequeña propiedad\pie de la mesa-imss.dwg,Model,03/11/2008 07:17:00 p.m.,x,HP Deskjet D2300 series,Carta,1:32.1409,
D:\imss\clinicas pequeña propiedad\TECARiO-TACAMBARO.dwg,Model,03/11/2008 07:20:03 p.m.,x,HP Deskjet D2300 series,Carta,1:21.4272,
D:\imss\clinicas ejido y comunidad\pedregoso-ario.dwg,Model,03/11/2008 07:20:47 p.m.,x,HP Deskjet D2300 series,Carta,1:32.1409,
D:\imss\clinicas pequeña propiedad\san angel ZURUMUCAPIO-ZIRACUARETIRO-imss.dwg,Model,03/11/2008 07:39:28 p.m.,x,HP Deskjet D2300 series,Carta,1:23.57,
D:\dd1\topograf\ZIPIAJO-IMSS.dwg,Model,03/11/2008 07:42:40 p.m.,x,HP Deskjet D2300 series,Carta,1:32.1409,
D:\dd2\topograf\capturas ejidos\ajuno-patzcuaro.dwg,Model,03/11/2008 07:48:03 p.m.,x,HP Deskjet D2300 series,Carta,1:32.1409,
D:\imss\clinicas ejido y comunidad\Primo Tapia (Santa Ana Chapitiro)-PATZCUARO-imss.dwg,Model,03/11/2008 07:51:28 p.m.,x,HP Deskjet D2300 series,Carta,1:21.4272,
D:\imss\EJIDOS COMPLETOS\san andres zirondaro-quiroga\san andres zirondaro - quiroga.dwg,Model,03/11/2008 07:53:54 p.m.,x,HP Deskjet D2300 series,Carta,1:32.1409,
D:\imss\EJIDOS COMPLETOS\san andres zirondaro-quiroga\san jeronimo purenchecuaro - quiroga.dwg,Model,03/11/2008 07:56:04 p.m.,x,HP Deskjet D2300 series,Carta,1:32.1409,
D:\dd1\topograf\ZIRAHUEN-IMSS.dwg,Model,03/11/2008 07:59:03 p.m.,x,HP Deskjet D2300 series,Carta,1:32.1409,
D:\dd1\topograf\puerta-de-jaripitiro-imss.dwg,Model,03/11/2008 08:01:14 p.m.,x,HP Deskjet D2300 series,Carta,1:21.4272,
D:\imss\geo\cheran barrio paricutin-cheran.dwg,Model,03/11/2008 08:04:43 p.m.,x,HP Deskjet D2300 series,Carta,1:32.1409,
D:\MEMORIA SONY\CHERANATZICURIN-IMSS.dwg,Model,05/11/2008 01:38:27 p.m.,x,HP Deskjet D2300 series,Carta,1:42.8545,
D:\imss\clinicas pequeña propiedad\nuevo zirosto-uruapan-imss.dwg,Model,05/11/2008 01:43:15 p.m.,x,HP Deskjet D2300 series,Carta,1:21.4272,
D:\imss\clinicas pequeña propiedad\CAPACUARO.dwg,Model,05/11/2008 01:50:25 p.m.,x,HP Deskjet D2300 series,Carta,1:32.1409,
D:\dd2\imss\clinicas pequeña propiedad\PARACHO-IMSS.dwg,Model,05/11/2008 02:04:13 p.m.,x,HP Deskjet D2300 series,Carta,1:32.1409,
D:\dd2\topograf\capturas ejidos\LA ESCONDIDA=ZACAPU.dwg,Model,05/11/2008 02:11:47 p.m.,x,HP Deskjet D2300 series,Carta,1:21.4272,
D:\dd2\imss\clinicas ejido y comunidad\comanja-coeneo-imss.dwg,Model,05/11/2008 02:19:23 p.m.,x,HP Deskjet D2300 series,Carta,1:32.1409,
D:\dd2\topograf\capturas ejidos\NARANJA DE TAPIA-ZACAPU.dwg,Model,05/11/2008 02:23:44 p.m.,x,HP Deskjet D2300 series,Carta,1:21.4272,
D:\imss\clinicas pequeña propiedad\pueblo viejo-Querendaro.dwg,Model,05/11/2008 02:32:04 p.m.,x,HP Deskjet D2300 series,Carta,1:21.4272,
D:\imss\geo\el pueblito-zacapu.dwg,Model,05/11/2008 02:33:57 p.m.,x,HP Deskjet D2300 series,Carta,1:26.7841,
D:\dd2\mis doc\CANTABRIA-ZACAPU-IMSS.dwg,Model,05/11/2008 02:43:37 p.m.,x,HP Deskjet D2300 series,Carta,1:21.4272,
D:\dd1\topograf\ANTONIO TARIACURI.dwg,Model,05/11/2008 03:03:51 p.m.,x,HP Deskjet D2300 series,Carta,1:21.4272,
D:\imss\clinicas pequeña propiedad\LAYERBABUENA-TLAZAZALCA.dwg,Model,05/11/2008 03:10:53 p.m.,x,HP Deskjet D2300 series,Carta,1:21.4272,
D:\imss\clinicas ejido y comunidad\JANAMUATO.dwg,Model,05/11/2008 03:18:31 p.m.,x,HP Deskjet D2300 series,Carta,1:26.7841,
D:\imss\clinicas pequeña propiedad\curimeo-panindicuaro.dwg,Model,05/11/2008 03:34:52 p.m.,x,HP Deskjet D2300 series,Carta,1:21.4272,
D:\imss\ejidos sin completar\06301702-SAN MIGUEL EPEJAN-PANINDICUARO.dwg,Model,05/11/2008 05:33:23 p.m.,x,HP Deskjet D2300 series,Carta,1:26.7841,
D:\imss\clinicas pequeña propiedad\cañada de ramires imss-NUMARAN-IMSS.dwg,Model,05/11/2008 05:38:15 p.m.,x,HP Deskjet D2300 series,Carta,1:21.4272,
D:\imss\clinicas pequeña propiedad\gomez farias-TANGANCICUARO-IMSS.dwg,Model,05/11/2008 05:48:18 p.m.,x,HP Deskjet D2300 series,Carta,1:21.4272,
D:\imss\clinicas pequeña propiedad\Etucuaro-TANGANCICUARO-IMSS.dwg,Model,05/11/2008 05:53:44 p.m.,x,HP Deskjet D2300 series,Carta,1:26.7841,
D:\imss\clinicas ejido y comunidad\PLAZA DEL LIMON-IXTLAN-IMSS.dwg,Model,05/11/2008 06:16:35 p.m.,x,HP Deskjet D2300 series,Carta,1:21.4272,
D:\imss\clinicas ejido y comunidad\PLAZA DEL LIMON-IXTLAN-IMSS.dwg,Model,05/11/2008 06:20:44 p.m.,x,HP Deskjet D2300 series,Carta,1:21.4272,
D:\imss\clinicas pequeña propiedad\tarecuato-tangamandapioimss.dwg,Model,05/11/2008 06:34:37 p.m.,x,HP Deskjet D2300 series,Carta,1:37.4977,
D:\imss\clinicas ejido y comunidad\LA CANTERA Y SU ANEXO LOS LOBOS - Tangamandapio-IMSS.dwg,Model,05/11/2008 06:45:21 p.m.,x,HP Deskjet D2300 series,Carta,1:26.7841,
D:\dd2\topograf\los hucuares-TANGAMANDAPIO -imss.dwg,Model,05/11/2008 06:50:50 p.m.,x,HP Deskjet D2300 series,Carta,1:32.1409,
D:\imss\clinicas ejido y comunidad\TOTOLAN-REMEDIOS-IMSS.dwg,Model,05/11/2008 06:58:30 p.m.,x,HP Deskjet D2300 series,Carta,1:21.4272,
D:\imss\geo\rincon de jaripo-villamar.dwg,Model,05/11/2008 07:04:29 p.m.,x,HP Deskjet D2300 series,Carta,1:21.4272,
D:\imss\clinicas ejido y comunidad\SAN GREGORIO-PAJACUARAN-IMSS.dwg,Model,05/11/2008 07:15:49 p.m.,x,HP Deskjet D2300 series,Carta,1:32.1409,
D:\imss\clinicas pequeña propiedad\tecomatan-pajacuaran-imss.dwg,Model,05/11/2008 07:19:42 p.m.,x,HP Deskjet D2300 series,Carta,1:26.7841,
D:\imss\geo\zacan mun Los Reyes.dwg,Model,05/11/2008 07:22:33 p.m.,x,HP Deskjet D2300 series,Carta,1:32.1409,
D:\imss\clinicas ejido y comunidad\san francisco periban-PERIBAN-IMSS.dwg,Model,05/11/2008 07:38:56 p.m.,x,HP Deskjet D2300 series,Carta,1:21.4272,
D:\imss\clinicas pequeña propiedad\apo-TANCITARO-imss.dwg,Model,05/11/2008 08:33:40 p.m.,x,HP Deskjet D2300 series,Carta,1:21.4272,
D:\imss\clinicas pequeña propiedad\apo-TANCITARO-imss.dwg,Model,05/11/2008 08:36:57 p.m.,x,HP Deskjet D2300 series,Carta,1:21.4272,
D:\MEMORIA SONY\URINGUITIRO-TANCITARO.dwg,Model,05/11/2008 08:39:43 p.m.,x,HP Deskjet D2300 series,Carta,1:32.1409,
D:\dd1\topograf\SANTIAGO-ACAHUATO.dwg,Model,05/11/2008 08:52:48 p.m.,x,HP Deskjet D2300 series,Carta,1:21.4272,
D:\imss\ejidos inegi\10701101-TAREJERO-zacapu.dwg,Model,05/11/2008 09:01:33 p.m.,x,HP Deskjet D2300 series,Carta,1:32.1409,
D:\dd2\imss\clinicas ejido y comunidad\tirindaro-zacapu.dwg,Model,05/11/2008 09:24:01 p.m.,x,HP Deskjet D2300 series,Carta,1:28.9268,
D:\dd2\imss\clinicas ejido y comunidad\san antonio guaracha-villamar-imss.dwg,Model,05/11/2008 09:33:34 p.m.,x,HP Deskjet D2300 series,Carta,1:21.4272,
D:\imss\EJIDOS COMPLETOS\EL BASTAN-HUETAMO\EL BASTAN-HUETAM.dwg,Model,06/11/2008 05:48:56 p.m.,x,HP Deskjet D2300 series,Carta,1:26.0983,
D:\imss\clinicas ejido y comunidad\san francisco periban-PERIBAN-IMSS.dwg,Model,06/11/2008 05:54:33 p.m.,x,HP Deskjet D2300 series,Carta,1:21.4272,
D:\imss\clinicas pequeña propiedad\nuevo zirosto-uruapan-imss.dwg,Model,06/11/2008 05:58:15 p.m.,x,HP Deskjet D2300 series,Carta,1:21.4272,
D:\imss\clinicas pequeña propiedad\gomez farias-TANGANCICUARO-IMSS.dwg,Model,06/11/2008 06:21:14 p.m.,x,HP Deskjet D2300 series,Carta,1:21.4272,
D:\imss\clinicas pequeña propiedad\LAYERBABUENA-TLAZAZALCA.dwg,Model,06/11/2008 06:22:37 p.m.,x,HP Deskjet D2300 series,Carta,1:21.4272,
D:\imss\geo\el pueblito-zacapu.dwg,Model,06/11/2008 06:24:46 p.m.,x,HP Deskjet D2300 series,Carta,1:26.7841,
D:\dd2\topograf\ejidos huetamo\ZURUMBENEO-IMSS.dwg,Model,06/11/2008 08:00:01 p.m.,x,HP Deskjet D2300 series,Carta,1:42.8545,
D:\dd2\topograf\la purisima-ALVARO OBREGON-imss.dwg,Model,11/11/2008 06:58:21 p.,x,HP Deskjet D2300 series,Carta,1:544.252,
D:\imss\clinicas pequeña propiedad\devanador-zitzio-imss.dwg,Model,11/11/2008 07:30:57 p.m.,x,HP Deskjet D2300 series,Carta,1:1632.76,
D:\dd2\imss\ejidos sin completar\08000701-jose maria morelos-senguio.dwg,Model,11/11/2008 09:00:18 p.m.,x,HP Deskjet D2300 series,Carta,1:1088.5,
D:\imss\clinicas ejido y comunidad\20NOVIEMBRE-COAHUAYANA-IMSS.dwg,Model,12/11/2008 07:12:15 p.m.,x,HP Deskjet D2300 series,Carta,1:544.252,
D:\imss\clinicas ejido y comunidad\00200901-MESA DE LOBOS-Aguililla.dwg,Model,12/11/2008 08:45:02 p.m.,x,HP Deskjet D2300 series,Carta,1:1632.76,
D:\dd1\topograf\imss\cañada de buenavista-huetamo.dwg,Model,13/11/2008 01:54:39 p.m.,x,HP Deskjet D2300 series,Carta,1:544.252,
D:\dd1\topograf\imss\cañada de buenavista-huetamo.dwg,Model,13/11/2008 02:17:15 p.m.,x,HP Deskjet D2300 series,Carta,1:544.252,
D:\imss\ejidos sin completar\MONTE GRANDE-SAN LUCAS geo imss.dwg,Model,13/11/2008 02:55:45 p.m.,x,HP Deskjet D2300 series,Carta,1:544.252,
F:\cabaña.dwg,Model,13/11/2008 03:11:43 p.m.,x,HP Deskjet D2300 series,Carta,1:2.11491,
D:\dd2\imss\ejidos sin completar\LA CARRERITA-CARACUARO-IMSS GEO.dwg,Model,13/11/2008 03:42:54 p.m.,x,HP Deskjet D2300 series,Carta,1:544.252,
D:\imss\ejidos sin completar\soledad grande tuzantla GEO.dwg,Model,13/11/2008 04:14:19 p.m.,x,HP Deskjet D2300 series,Carta,1:1088.5,
D:\imss\ejidos sin completar\06100201-laguna verde-ocampo geo.dwg,Model,13/11/2008 04:37:58 p.m.,x,HP Deskjet D2300 series,Carta,1:544.252,
D:\imss\ejidos sin completar\donaciano ojeda- zitacuaro GEO.dwg,Model,13/11/2008 04:51:22 p.m.,x,HP Deskjet D2300 series,Carta,1:1088.5,
D:\dd2\imss\clinicas ejido y comunidad\tirindaro-zacapu.dwg,Model,14/11/2008 02:22:35 p.m.,x,HP Deskjet D2300 series,Carta,1:789.165,
D:\imss\clinicas ejido y comunidad\san antonio Guaracha-VILLAMAR.dwg,Model,14/11/2008 02:30:48 p.m.,x,HP Deskjet D2300 series,Carta,1:28.6551,
D:\imss\clinicas ejido y comunidad\san antonio Guaracha-VILLAMAR.dwg,Model,14/11/2008 02:33:43 p.m.,x,HP Deskjet D2300 series,Carta,1:28.6551,
D:\imss\clinicas ejido y comunidad\san antonio Guaracha-VILLAMAR.dwg,Model,14/11/2008 02:58:11 p.m.,x,HP Deskjet D2300 series,Carta,1:28.6551,
D:\imss\clinicas ejido y comunidad\SAN BARTOLO-CIUDAD HIDALGO.dwg,Model,18/11/2008 09:22:23 p.m.,x,HP Deskjet D2300 series,Oficio,1:761.953,
D:\imss\clinicas ejido y comunidad\LA TICLa-AQUILA-imss.dwg,Model,18/11/2008 09:22:42 p.m.,x,HP Deskjet D2300 series,Oficio,1:544.252,
D:\imss\clinicas ejido y comunidad\SANTA MARIA OSTULA-AQUILA-imss.dwg,Model,18/11/2008 09:23:27 p.m.,x,HP Deskjet D2300 series,Oficio,1:544.252,
D:\dd2\topograf\CUANAJO - IMSS.dwg,Model,18/11/2008 09:23:44 p.m.,x,HP Deskjet D2300 series,Oficio,1:544.252,
D:\dd1\topograf\SANTA FEDELALAGUNA-IMSS.dwg,Model,18/11/2008 09:23:57 p.m.,x,HP Deskjet D2300 series,Oficio,1:166.462,
D:\dd1\topograf\SAN JOSE HUIPANA-IMSS.dwg,Model,18/11/2008 09:24:05 p.m.,x,HP Deskjet D2300 series,Oficio,1:166.462,
D:\dd1\topograf\SAN JOSE HUIPANA-IMSS.dwg,Model,18/11/2008 09:24:19 p.m.,x,HP Deskjet D2300 series,Oficio,1:544.252,
D:\imss\ejidos sin completar\chiquito el grade PURUARAN-TURICATO.dwg,Model,18/11/2008 09:24:36 p.m.,x,HP Deskjet D2300 series,Oficio,1:544.252,
D:\imss\clinicas ejido y comunidad\IHUATZIO-TZINTZUNZAN-IMSS.dwg,Model,18/11/2008 09:24:57 p.m.,x,HP Deskjet D2300 series,Oficio,1:544.252,
D:\dd2\topograf\EJIDOS\HUIZONTLA-IMSS.dwg,Model,18/11/2008 09:25:12 p.m.,x,HP Deskjet D2300 series,Oficio,1:544.252,
D:\imss\clinicas ejido y comunidad\san lorenzo-uruapan-imss.dwg,Model,18/11/2008 09:25:25 p.m.,x,HP Deskjet D2300 series,Oficio,1:1088.5,
D:\dd2\topograf\capturas ejidos\huetamo=huetamo.dwg,Model,19/11/2008 09:25:59 p.m.,x,HP Deskjet D2300 series,Oficio,1:24.0423,
E:\imss\clinicas pequeña propiedad\amatlan.dwg,Model,08/01/2009 10:41:58 a.m.,x,HP Deskjet D2300 series,Oficio,1:21.4272,
E:\imss\clinicas ejido y comunidad\chiquito el grande-turicato.dwg,Model,09/01/2009 09:58:09 a.m.,x,HP Deskjet D2300 series,Oficio,1:21.4272,
E:\imss\clinicas ejido y comunidad\CEIBAS-TRUJILLO-TIQUICHEO-IMSS.dwg,Model,09/01/2009 03:20:17 p.m.,x,HP Deskjet D2300 series,Oficio,1:21.4272,
E:\imss\Clasificacion de clinicas\PLAYA DE GUADALUPE-ARIO DE ROSALES\LA PLAYA DE GUADALUPE (LA PLAYA)-ARIO DE ROSALES-ejido-imss.dwg,Model,05/03/2009 01:35:10 p.m.,x,900x1100.pc3,Pers. 1:  900  x  1100 mm.,1:2.5,
E:\imss\Clasificacion de clinicas\PLAYA DE GUADALUPE-ARIO DE ROSALES\LA PLAYA DE GUADALUPE (LA PLAYA)-ARIO DE ROSALES-ejido-imss.dwg,Model,05/03/2009 01:44:35 p.m.,x,900x1100.pc3,Pers. 1:  900  x  1100 mm.,1:2.5,
E:\imss\Clasificacion de clinicas\PLAYA DE GUADALUPE-ARIO DE ROSALES\la playa clinica-ario de rosales.dwg,Model,05/03/2009 01:59:54 p.m.,x,900x1100.pc3,Legal de EE.UU.  (portrait),1:1,
E:\imss\Clasificacion de clinicas\PLAYA DE GUADALUPE-ARIO DE ROSALES\la playa clinica-ario de rosales.dwg,Model,05/03/2009 02:03:37 p.m.,x,900x1100.pc3,Legal de EE.UU.  (portrait),1:1,
E:\imss\Clasificacion de clinicas\PLAYA DE GUADALUPE-ARIO DE ROSALES\la playa clinica-ario de rosales.dwg,Model,05/03/2009 02:07:01 p.m.,x,900x1100.pc3,Legal de EE.UU.  (portrait),1:1,
E:\imss\Clasificacion de clinicas\PLAYA DE GUADALUPE-ARIO DE ROSALES\la playa clinica-ario de rosales.dwg,Model,05/03/2009 02:12:30 p.m.,x,900x1100.pc3,Legal de EE.UU.  (portrait),1:1,
E:\imss\Clasificacion de clinicas\LOS HABILLOS-TEPALCATEPEC\LOS AVILLOS-TEPALCATEPEC-IMSS.dwg,Model,05/03/2009 02:17:32 p.m.,x,900x1100.pc3,Legal de EE.UU.  (portrait),1:0.5,
E:\imss\Clasificacion de clinicas\LOS HABILLOS-TEPALCATEPEC\LOS AVILLOS Y ANEXOS-TEPALCATEPEC-IMSS.dwg,Model,05/03/2009 04:17:27 p.m.,x,900x1100.pc3,ANSI B (portrait),1:193.305,
E:\imss\Clasificacion de clinicas\LOS HABILLOS-TEPALCATEPEC\LOS AVILLOS Y ANEXOS-TEPALCATEPEC-IMSS.dwg,Model,05/03/2009 04:20:45 p.m.,x,900x1100.pc3,ANSI B (portrait),1:193.305,
E:\imss\Clasificacion de clinicas\LOS HABILLOS-TEPALCATEPEC\LOS AVILLOS Y ANEXOS-TEPALCATEPEC-IMSS.dwg,Model,05/03/2009 04:25:52 p.m.,x,900x1100.pc3,ANSI B (portrait),1:193.305,
E:\imss\Clasificacion de clinicas\LOS HABILLOS-TEPALCATEPEC\LOS AVILLOS Y ANEXOS-TEPALCATEPEC-IMSS.dwg,Model,05/03/2009 04:30:47 p.m.,x,900x1100.pc3,ANSI B (portrait),1:193.305,
E:\imss\Clasificacion de clinicas\LA BOCANDA-TEPALCATEPEC\la tasajeraTUC8-tepalcatepec.dwg,Model,05/03/2009 04:34:00 p.m.,x,900x1100.pc3,ANSI B (portrait),1:193.305,
E:\imss\Clasificacion de clinicas\LA BOCANDA-TEPALCATEPEC\la tasajeraTUC8-tepalcatepec.dwg,Model,05/03/2009 04:35:47 p.m.,x,900x1100.pc3,ANSI B (portrait),1:193.305,
E:\imss\Clasificacion de clinicas\RAZO DE ORGANO-BUENAVISTA\RAZO DEL ORGANO.dwg,Model,05/03/2009 04:55:10 p.m.,x,900x1100.pc3,ANSI B (portrait),1:193.305,
E:\imss\Clasificacion de clinicas\RAZO DE ORGANO-BUENAVISTA\RAZO DEL ORGANO.dwg,Model,05/03/2009 04:57:42 p.m.,x,900x1100.pc3,ANSI B (portrait),1:193.305,
E:\imss\Clasificacion de clinicas\LA BOCANDA-TEPALCATEPEC\LA BOCANDA(LA TASAJERA)-TEPALCATEPEC-imss.dwg,Model,05/03/2009 05:03:18 p.m.,x,900x1100.pc3,Legal de EE.UU.  (portrait),1:1,
E:\imss\Clasificacion de clinicas\RAZO DE ORGANO-BUENAVISTA\razo dE orgANO-BUENAVISTA-imss.dwg,Model,05/03/2009 05:09:00 p.m.,x,900x1100.pc3,Legal de EE.UU.  (portrait),1:0.5,
E:\imss\Clasificacion de clinicas\SANTIAGO CONGURIPO-HUETAMO\SANTIAGO CONGURIPO-HUETAMO.dwg,Model,10/03/2009 10:36:33 a.m.,x,900x1100.pc3,ANSI A  (portrait),1:933.017,
F:\HUACANA INFIERNILLO.dwg,Model,27/03/2009 02:13:18 p.m.,x,900x600.pc3,ANSI B (portrait),1:536.876,
E:\topograf\terreno ticateme.dwg,Model,06/04/2009 11:50:27 a.m.,x,hp deskjet 5550 series (HPA),Carta,1:29.214,
E:\topograf\terreno ticateme.dwg,Model,06/04/2009 11:58:19 a.m.,x,hp deskjet 5550 series (HPA),Carta,1:28.2206,
E:\respaldos\hd2\topograf\2004-1993\ESTRELLA BLANCAF.DWG,Model,06/04/2009 11:59:11 a.m.,x,hp deskjet 5550 series (HPA),Carta,1:21.6693,
E:\topograf\terreno ticateme.dwg,Model,06/04/2009 12:01:28 p.m.,x,hp deskjet 5550 series (HPA),Carta,1:18.6555,
E:\imss\Clasificacion de clinicas\EL CARRIZAL-JUNGAPEO\carrizal.dwg,Model,07/04/2009 12:51:53 p.m.,x,hp deskjet 5550 series (HPA),Carta,1:544.252,
E:\imss\Clasificacion de clinicas\EL CUATRO-VILLAJIMENEZ\CUATRO-PANINDICUARO.dwg,Model,07/04/2009 01:27:32 p.m.,x,hp deskjet 5550 series (HPA),Carta,1:544.252,
E:\imss\Clasificacion de clinicas\SANTA FE DE LA LAGUNA-QUIROGA\SANTA FE DE LA LAGUNA-QUIROGA-IMSS.dwg,Model,07/04/2009 01:59:30 p.m.,x,hp deskjet 5550 series (HPA),Carta,1:544.252,
E:\imss\Clasificacion de clinicas\CUANAJO-PATZCUARO\CUANAJO - IMSS.dwg,Model,07/04/2009 02:05:08 p.m.,x,hp deskjet 5550 series (HPA).pc3,Carta,1:544.252,
E:\imss\Clasificacion de clinicas\SAN BARTOLO CUITAREO-HIDALGO\SAN BARTOLO-CIUDAD HIDALGO.dwg,Model,07/04/2009 02:15:42 p.m.,x,hp deskjet 5550 series (HPA).pc3,Carta,1:544.252,
E:\imss\Clasificacion de clinicas\SAN FELIPE DE LOS ALZATI-ZITACUARO\san felipe de los alzati-ZITACUARO.dwg,Model,07/04/2009 02:16:55 p.m.,x,hp deskjet 5550 series (HPA).pc3,Carta,1:816.378,
E:\imss\Clasificacion de clinicas\SAN FRANCISCO ACACHUEN-CHILCHOTA\acahuen-chilchota.dwg,Model,07/04/2009 02:19:48 p.m.,x,hp deskjet 5550 series (HPA).pc3,Carta,1:544.252,
E:\imss\Clasificacion de clinicas\NURIO-PARACHO\NURIO-PARACHO-IMSS.dwg,Model,07/04/2009 02:22:23 p.m.,x,hp deskjet 5550 series (HPA).pc3,Carta,1:544.252,
E:\imss\Clasificacion de clinicas\URAPICHO-PARACHO\URAPICHO-IMSS.dwg,Model,07/04/2009 02:23:21 p.m.,x,hp deskjet 5550 series (HPA).pc3,Carta,1:544.252,
E:\imss\Clasificacion de clinicas\J JESUS DIAZ SIRIO-LOS REYES\Tzirio- imss (2).dwg,Model,07/04/2009 02:25:44 p.m.,x,hp deskjet 5550 series (HPA).pc3,Carta,1:544.252,
E:\imss\Clasificacion de clinicas\COCUCHO-CHARAPAN\cocucho.dwg,Model,07/04/2009 02:27:34 p.m.,x,hp deskjet 5550 series (HPA).pc3,Carta,1:544.252,
E:\imss\Clasificacion de clinicas\SAN ISIDRO-LOS REYES\san isidro-los reyes.dwg,Model,16/04/2009 10:48:31 a.m.,x,GEO.pc3,Carta,1:25.3078,
E:\imss\Clasificacion de clinicas\SAN ISIDRO-LOS REYES\san isidro-los reyes.dwg,Model,16/04/2009 10:50:21 a.m.,x,GEO.pc3,Carta,1:25.3078,
E:\imss\Clasificacion de clinicas\PAMATACUARO-LOS REYES\PAMATACUARO-LOS REYES.dwg,Model,16/04/2009 01:13:24 p.m.,x,GEO.pc3,Carta,1:25.3078,
E:\imss\Clasificacion de clinicas\TACATZCUARO-TINGUINDIN\09100601-TACATZCUARO-Tingüindín.dwg,Model,16/04/2009 05:22:51 p.m.,x,GEO.pc3,Carta,1:26.7841,
E:\imss\Clasificacion de clinicas\ATAPAN-LOS REYES\ATAPAN-LOS REYES.dwg,Model,16/04/2009 06:11:13 p.m.,x,GEO.pc3,Carta,1:16.8718,
E:\imss\Clasificacion de clinicas\CRECENCIO MORALES-ZITACUARO\crecencio morales-imss.dwg,Model,16/04/2009 06:26:16 p.m.,x,GEO.pc3,Carta,1:42.8545,
E:\imss\Clasificacion de clinicas\CRECENCIO MORALES-ZITACUARO\crecencio morales-imss.dwg,Model,16/04/2009 06:31:18 p.m.,x,GEO.pc3,Carta,1:42.8545,
E:\imss\Clasificacion de clinicas\SANTA CRUZ DE VILLAGOMEZ-SAN LUCAS\SANTA CRUZ DE VILLAGOMEZ-SAN LUCAS-IMSS.dwg,Model,17/04/2009 03:00:59 p.m.,x,GEO.pc3,Carta,1:21.4272,
E:\imss\Clasificacion de clinicas\SEVINA-NAHATZEN\sevina-nahuatzen.dwg,Model,17/04/2009 06:20:25 p.m.,x,GEO.pc3,Carta,1:48.2113,
E:\imss\Clasificacion de clinicas\PATAMBAN-TANGANCICUARO\patamban-TANGANCICUARO-IMSS.dwg,Model,20/04/2009 10:05:05 a.m.,x,GEO.pc3,Carta,1:21.4272,
E:\imss\Clasificacion de clinicas\HERIBERTO JARA-ZINAPECUARO\heriberto jara-zinapecuaro.dwg,Model,20/04/2009 10:34:41 a.m.,x,GEO.pc3,Carta,1:21.4272,
E:\imss\Clasificacion de clinicas\TUPATARO-SENGUIO\tupataro-sengio.dwg,Model,20/04/2009 11:42:31 a.m.,x,GEO.pc3,Carta,1:20.7472,
E:\imss\Clasificacion de clinicas\SAN JOSE DE LA CUMBRE-QUERENDARO\san jose de la cumbre-querendaro.dwg,Model,21/04/2009 05:00:54 p.m.,x,GEO.pc3,Carta,1:816.378,
E:\imss\Clasificacion de clinicas\MACHO DE AGUA-ZITACUARO\MACHO DE AGUA-ZITACUARO-IMSS.dwg,Model,24/04/2009 09:07:29 a.m.,x,GEO.pc3,Carta,1:816.378,
E:\imss\Clasificacion de clinicas\SANTA ANA AMATLAN-BUENAVISTA\amatlan.dwg,Model,24/04/2009 09:26:13 a.m.,x,GEO.pc3,Carta,1:544.252,
E:\imss\Clasificacion de clinicas\SAN JOSE DE LA MONTAÑA-COALCOMAN\SAN JOSE DE LA MONTAÑA-COALCOMAN.dwg,Model,24/04/2009 10:04:13 a.m.,x,GEO.pc3,Carta,1:1632.76,
E:\imss\Clasificacion de clinicas\URIPITIO-MARAVATIO\16050031-URIPITIO-Maravatio (2).dwg,Model,24/04/2009 10:29:12 a.m.,x,GEO.pc3,Carta,1:816.378,
C:\Users\x\AppData\Local\Temp\PLANTA ARQ MORELIA estacionamiento.dwg,Model,24/04/2009 01:22:29 p.m.,x,HP Designjet 500 42 by HP.pc3,ANSI B (portrait),1:5.74713,
C:\Users\x\AppData\Local\Temp\PLANTA ARQ MORELIA estacionamiento.dwg,Model,24/04/2009 01:26:24 p.m.,x,HP Designjet 500 42 by HP.pc3,ANSI B (portrait),1:5.74713,
E:\imss\Clasificacion de clinicas\SAN JEROMNIMO PURENCHECUARO-QUIROGA\SAN JERONIMO purenchecuaro-quiroga y san andres zirondaro-quiroga.dwg,Model,24/04/2009 01:50:55 p.m.,x,GEO.pc3,Carta,1:544.252,
E:\imss\Clasificacion de clinicas\SAN JEROMNIMO PURENCHECUARO-QUIROGA\SAN JERONIMO purenchecuaro-quiroga y san andres zirondaro-quiroga.dwg,Model,24/04/2009 02:14:43 p.m.,x,GEO.pc3,Carta,1:544.252,
E:\imss\Clasificacion de clinicas\SAN ANDRES ZIRONDARO-QUIROGA\san andres Zirondaro-Quiroga.dwg,Model,24/04/2009 03:57:39 p.m.,x,GEO.pc3,Carta,1:544.252,
E:\imss\Clasificacion de clinicas\BUENA VISTA TOMATLAN-BUENAVISTA\tomatlan.dwg,Model,25/04/2009 10:46:49 a.m.,x,GEO.pc3,Carta,1:544.252,
E:\imss\Clasificacion de clinicas\CHAUZ-HUACANA\16035006EL CHAUZ-La Huacana.dwg,Model,25/04/2009 01:04:07 p.m.,x,GEO.pc3,Carta,1:544.252,
E:\imss\Clasificacion de clinicas\ZINCIRO-ERONGARICUARO\ZINCIRO - ERONGARICUARO-geo.dwg,Model,27/04/2009 10:04:20 a.m.,x,GEO.pc3,Carta,1:544.252,
E:\imss\Clasificacion de clinicas\ZINCIRO-ERONGARICUARO\ZINCIRO - ERONGARICUARO-geo.dwg,Model,27/04/2009 10:07:01 a.m.,x,GEO.pc3,Carta,1:544.252,
E:\imss\Clasificacion de clinicas\YORICOSTIO (LA VILLITA)-TACAMBARO\yoricostio-imss-TACAMBARO (2).dwg,Model,27/04/2009 11:03:52 a.m.,x,GEO.pc3,Carta,1:1088.5,
E:\imss\Clasificacion de clinicas\UCAREO-ZINAPECUARO\UCAREO-ZINAPECUARO-IMSS.dwg,Model,27/04/2009 11:43:37 a.m.,x,GEO.pc3,Carta,1:544.252,
E:\imss\Clasificacion de clinicas\TZATZIO(LA CAPILLA)-ARIO DE ROSALES\tzatzio-ario-imss.dwg,Model,28/04/2009 01:02:26 p.m.,x,GEO.pc3,Carta,1:544.252,
E:\imss\Clasificacion de clinicas\TUNGUITIRO-COENEO\TUNGUITIRO-COENEO-imss.dwg,Model,28/04/2009 03:36:45 p.m.,x,GEO.pc3,Carta,1:544.252,
E:\imss\Clasificacion de clinicas\TIMBIRICHE-CHURUMUCO\El Timbiriche-Churumuco-geo.dwg,Model,28/04/2009 05:13:31 p.m.,x,GEO.pc3,Carta,1:1088.5,
E:\imss\Clasificacion de clinicas\TICUITACO-LA PIEDAD\ticuitaco-LA PIEDAD imss.dwg,Model,28/04/2009 06:15:32 p.m.,x,GEO.pc3,Carta,1:816.378,
E:\imss\Clasificacion de clinicas\TENDEPARACUA-HUANIQUEO\TENDEPARACUA-CHUCANDIRO-IMSS.dwg,Model,29/04/2009 09:30:15 a.m.,x,GEO.pc3,Carta,1:816.378,
E:\imss\Clasificacion de clinicas\TEHUANTEPEC-CHINICUILA\tehuantepec.dwg,Model,29/04/2009 10:17:31 a.m.,x,GEO.pc3,Carta,1:2177.01,
E:\imss\Clasificacion de clinicas\TEHUANTEPEC-CHINICUILA\tehuantepec.dwg,Model,29/04/2009 10:28:32 a.m.,x,GEO.pc3,Carta,1:2177.01,
E:\imss\Clasificacion de clinicas\TAIXTAN-TEPALCATEPEC\TAIXTAN-APATZINGAN-IMSS.dwg,Model,29/04/2009 12:20:16 p.m.,x,GEO.pc3,Carta,1:816.378,
E:\imss\Clasificacion de clinicas\SANTAS MARIAS-TACAMBARO\santas marias-TACAMBARO-IMSS.dwg,Model,29/04/2009 05:25:26 p.m.,x,GEO.pc3,Carta,1:544.252,
E:\imss\Clasificacion de clinicas\SANTANA MARAVATIO-MARAVATIO\SANTANA-MARAVATIO.dwg,Model,29/04/2009 06:18:06 p.m.,x,GEO.pc3,Carta,1:544.252,
E:\imss\Clasificacion de clinicas\SAN ANDRES CORU-SALVADOR ESCALANTE\san andres coru imss.dwg,Model,30/04/2009 11:04:37 a.m.,x,GEO.pc3,Carta,1:816.378,
E:\imss\Clasificacion de clinicas\AGUA VERDE-SALVADOR ESCALANTE\AGUA VERDE IMSS.dwg,Model,30/04/2009 12:22:01 p.m.,x,GEO.pc3,Carta,1:544.252,
E:\imss\Clasificacion de clinicas\COENEO-COENEO\COENEO-coeneo-IMSS.dwg,Model,30/04/2009 04:18:13 p.m.,x,GEO.pc3,Carta,1:544.252,
E:\imss\Clasificacion de clinicas\COPANDARO DE JIMENEZ-VILLA JIMENEZ\COPANDARO-JIMENEZ-geo.dwg,Model,30/04/2009 06:02:24 p.m.,x,GEO.pc3,Carta,1:544.252,
\\PENTIUM1\Documentos c\ranchet D10  3marias.dwg,Model,11/05/2009 09:48:57 a.m.,x,900x650.pc3,Extendido: Arch D (landscape),1:0.3,
\\PENTIUM1\Documentos c\ranchet D10  3marias.dwg,Model,11/05/2009 09:57:04 a.m.,x,900x650.pc3,Extendido: Arch D (landscape),1:0.25,
E:\imss\Clasificacion de clinicas\OCUARO-HUETAMO\Ocuaro - HUETAMO.dwg,Model,11/05/2009 12:34:05 p.m.,x,900x650.pc3,ANSI B (portrait),1:193.305,
E:\imss\Clasificacion de clinicas\OCUARO-HUETAMO\Ocuaro - HUETAMO.dwg,Model,11/05/2009 12:37:52 p.m.,x,900x650.pc3,ANSI B (portrait),1:193.305,
E:\imss\Clasificacion de clinicas\LA CALERA JOSE SIXTO VERDUZCO\la calera.dwg,Model,11/05/2009 02:16:30 p.m.,x,HP Designjet 500 42 by HP.pc3,ANSI B (portrait),1:193.305,
E:\imss\Clasificacion de clinicas\LA CALERA JOSE SIXTO VERDUZCO\la calera.dwg,Model,11/05/2009 02:21:48 p.m.,x,HP Designjet 500 42 by HP.pc3,ANSI B (portrait),1:193.305,
E:\imss\Clasificacion de clinicas\SAN ANDRES CORU-SALVADOR ESCALANTE\san andres coru imss.dwg,Model,12/05/2009 10:27:15 a.m.,x,GEO.pc3,Carta,1:816.378,
E:\imss\Clasificacion de clinicas\LA COYOTA LOPEZ RAYON-ZITACUARO\LA COYOTA-ZITACUARO-IMSS.dwg,Model,12/05/2009 04:46:48 p.m.,x,GEO.pc3,Carta,1:544.252,
E:\imss\Clasificacion de clinicas\SAN JUAN NUEVO-PARANGARICUTIRO\san juan nuevo imss.dwg,Model,12/05/2009 05:55:40 p.m.,x,GEO.pc3,Carta,1:544.252,
E:\imss\Clasificacion de clinicas\CUTO DE LA ESPERANZA-MORELIA\CUTO-IMSS.dwg,Model,13/05/2009 01:34:51 p.m.,x,GEO.pc3,Carta,1:816.378,
E:\imss\Clasificacion de clinicas\DONACIANO OJEDA-ZITACUARO\donaciano ojeda- zitacuaro-geo.dwg,Model,13/05/2009 03:54:51 p.m.,x,GEO.pc3,Carta,1:816.378,
E:\imss\Clasificacion de clinicas\EJIDO LAZARO CARDENAS-VILLA JIMENENEZ\Lazaro Cardenas-Jimenez-GEO.dwg,Model,13/05/2009 04:41:44 p.m.,x,GEO.pc3,Carta,1:544.252,
E:\imss\Clasificacion de clinicas\EJIDO LAZARO CARDENAS-VILLA JIMENENEZ\Lazaro Cardenas-Jimenez-GEO.dwg,Model,13/05/2009 04:44:55 p.m.,x,GEO.pc3,Carta,1:544.252,
E:\imss\Clasificacion de clinicas\EL CAHULOTE DE SANTA ANA-TURICATO\09700801-EL CAHULOTE-TURICATO.dwg,Model,13/05/2009 05:33:40 p.m.,x,GEO.pc3,Carta,1:816.378,
E:\imss\Clasificacion de clinicas\EL CAPIRE DE LOMBARDIA-GABRIEL ZAMORA\EL CAPIRE-GABRIEL ZAMORA-geo.dwg,Model,13/05/2009 06:13:39 p.m.,x,GEO.pc3,Carta,1:544.252,
E:\imss\Clasificacion de clinicas\EL CARMEN ASTILLERO-EPITACIO HUERTA\el carmen astillero-EPITACIO HUERTA-imss.dwg,Model,14/05/2009 09:48:24 a.m.,x,GEO.pc3,Carta,1:544.252,
E:\imss\Clasificacion de clinicas\COLESIO-ECUANDUREO\COLESIO-ECUANDUREO-IMSS-GEO.dwg,Model,14/05/2009 10:12:03 a.m.,x,GEO.pc3,Carta,1:544.252,
E:\imss\Clasificacion de clinicas\EL CUAJILOTE-SAN LUCAS\cuadrilla de cuajilote-GEO.dwg,Model,14/05/2009 01:48:18 p.m.,x,GEO.pc3,Carta,1:544.252,
E:\imss\Clasificacion de clinicas\EL PLATANAL-VILLAMAR\EL PLATANAL-VILLAMAR-IMSS.dwg,Model,14/05/2009 04:47:30 p.m.,x,GEO.pc3,Carta,1:816.378,
E:\imss\Clasificacion de clinicas\EL PUEBLITO-PURUANDIRO\el pueblito-Puruandiro GEO.dwg,Model,14/05/2009 05:42:14 p.m.,x,GEO.pc3,Carta,1:544.252,
E:\imss\Clasificacion de clinicas\EL RODEO-COENEO\El Rodeo - COENEO GEO.dwg,Model,14/05/2009 06:11:53 p.m.,x,GEO.pc3,Carta,1:544.252,
E:\imss\Clasificacion de clinicas\EL SALTO-CHUCANDIRO\EL SALTO-CHUCANDIRO-IMSS.dwg,Model,15/05/2009 10:16:47 a.m.,x,GEO.pc3,Carta,1:544.252,
E:\imss\Clasificacion de clinicas\EL TRIUNFO-INDAPARAPEO\EL TRIUNFO-INDAPARAPEO-IMSS.dwg,Model,15/05/2009 11:38:42 a.m.,x,GEO.pc3,Carta,1:544.252,
E:\imss\Clasificacion de clinicas\EX HACIENDA DE DOLORES-SUSUPUATO\EXHACIENDA DE DOLORES-SUSUAPUATO DE GUERRERO-IMSS.dwg,Model,15/05/2009 12:38:58 p.m.,x,GEO.pc3,Carta,1:816.378,
E:\imss\Clasificacion de clinicas\PARACHO-PARACHO\PARACHO-IMSS.dwg,Model,15/05/2009 01:06:43 p.m.,x,GEO.pc3,Carta,1:816.378,
E:\imss\Clasificacion de clinicas\HUAJUMBARO DE HIDALGO-HIDALGO\HUAJUMBARO-CD HIDALGO.dwg,Model,15/05/2009 04:01:57 p.m.,x,GEO.pc3,Carta,1:544.252,
E:\imss\Clasificacion de clinicas\JANIZTIO-PATCUARO\JANITZIO - PATZCUARO-GEO.dwg,Model,15/05/2009 05:56:58 p.m.,x,GEO.pc3,Carta,1:544.252,
E:\imss\Clasificacion de clinicas\COMANJA-COENEO\comanja-coeneo-terreno (2).dwg,Model,18/05/2009 12:46:11 p.m.,x,GEO.pc3,Carta,1:21.5687,
E:\imss\Clasificacion de clinicas\COMANJA-COENEO\comanja-coeneo-terreno (2).dwg,Model,18/05/2009 01:21:10 p.m.,x,GEO.pc3,Carta,1:21.5687,
E:\imss\Clasificacion de clinicas\COMANJA-COENEO\comanja-coeneo-terreno (2).dwg,Model,18/05/2009 01:21:18 p.m.,x,GEO.pc3,Carta,1:21.5687,
E:\imss\Clasificacion de clinicas\COMANJA-COENEO\comanja-coeneo-terreno (2).dwg,Model,18/05/2009 01:21:25 p.m.,x,GEO.pc3,Carta,1:21.5687,
E:\imss\Clasificacion de clinicas\COMANJA-COENEO\comanja-coeneo-terreno (2).dwg,Model,18/05/2009 01:21:35 p.m.,x,GEO.pc3,Carta,1:7.80711,
E:\imss\Clasificacion de clinicas\LA BOCANDA-TEPALCATEPEC\la tasajeraTUC8-tepalcatepec-geo.dwg,Model,18/05/2009 03:50:01 p.m.,x,GEO.pc3,Carta,1:544.252,
E:\imss\Clasificacion de clinicas\LA CALERA JOSE SIXTO VERDUZCO\la calera-geo.dwg,Model,18/05/2009 04:46:01 p.m.,x,GEO.pc3,Carta,1:544.252,
E:\imss\Clasificacion de clinicas\LA CARRERITA-CARACUARO\LA CARRERITA-CARACUARO-IMSS-GEO.dwg,Model,18/05/2009 05:32:55 p.m.,x,GEO.pc3,Carta,1:544.252,
E:\imss\Clasificacion de clinicas\LA ESCALERA-CHARO\Aguacate Grande - CHARO-geo.dwg,Model,18/05/2009 06:26:37 p.m.,x,GEO.pc3,Carta,1:816.378,
E:\imss\Clasificacion de clinicas\LA FLORIDA-JUNGAPEO\la florida y su anexo el carrizal - JUNGAPEO-geo.dwg,Model,19/05/2009 09:21:28 a.m.,x,GEO.pc3,Carta,1:544.252,
E:\imss\Clasificacion de clinicas\LA EXCUSA-PURUANDIRO\la excusa-Puruandiro-GEO.dwg,Model,19/05/2009 10:01:22 a.m.,x,GEO.pc3,Carta,1:816.378,
E:\imss\Clasificacion de clinicas\LA MAGDALENA-VENUSTIANO(EJIDO LA ARENA) CARRANZA\magdalena-imss-geo.dwg,Model,19/05/2009 03:50:25 p.m.,x,GEO.pc3,Carta,1:544.252,
E:\imss\Clasificacion de clinicas\LA MOHONERA-NAHUATZEN\La mojonera-Nahuatzen-geo.dwg,Model,19/05/2009 04:29:36 p.m.,x,GEO.pc3,Carta,1:544.252,
E:\imss\Clasificacion de clinicas\LAGUNA VERDE-OCAMPO\06100201-laguna verde-ocampo-geo.dwg,Model,19/05/2009 06:14:17 p.m.,x,GEO.pc3,Carta,1:816.378,
E:\imss\Clasificacion de clinicas\LAS YEGUAS-PARACUARO\Cancita - Paracuaro-geo.dwg,Model,20/05/2009 11:00:07 a.m.,x,GEO.pc3,Carta,1:1088.5,
E:\imss\Clasificacion de clinicas\LOMA BLANCA-TEPALCATEPEC\La Guadalupe-Tepalcatepec-geo.dwg,Model,20/05/2009 11:48:15 a.m.,x,GEO.pc3,Carta,1:816.378,
E:\imss\Clasificacion de clinicas\LOS ESPINOZA-ARTEAGA\espinoza.dwg,Model,20/05/2009 01:07:45 p.m.,x,GEO.pc3,Carta,1:544.252,
E:\imss\Clasificacion de clinicas\GALLINEROS-COTIJA\gallineros.dwg,Model,20/05/2009 02:43:47 p.m.,x,GEO.pc3,Carta,1:816.378,
E:\imss\Clasificacion de clinicas\GALLINEROS-COTIJA\gallineros.dwg,Model,20/05/2009 02:55:38 p.m.,x,GEO.pc3,Carta,1:816.378,
E:\imss\Clasificacion de clinicas\LOS HABILLOS-TEPALCATEPEC\LOS AVILLOS Y ANEXOS-TEPALCATEPEC-geo.dwg,Model,20/05/2009 04:31:19 p.m.,x,GEO.pc3,Carta,1:544.252,
E:\imss\Clasificacion de clinicas\HORCONES-TEPALCATEPEC\TIERRAS BLANCAS-TEPALCATEPEC-IMSS-GEO.dwg,Model,20/05/2009 05:06:35 p.m.,x,GEO.pc3,Carta,1:544.252,
E:\imss\Clasificacion de clinicas\HORCONES-TEPALCATEPEC\TIERRAS BLANCAS-TEPALCATEPEC-IMSS-GEO.dwg,Model,20/05/2009 05:07:35 p.m.,x,GEO.pc3,Carta,1:544.252,
E:\imss\Clasificacion de clinicas\HORCONES-TEPALCATEPEC\TIERRAS BLANCAS-TEPALCATEPEC-IMSS-GEO.dwg,Model,20/05/2009 05:18:29 p.m.,x,GEO.pc3,Carta,1:544.252,
E:\imss\Clasificacion de clinicas\MANUEL VILLALONGIN-PURUANDIRO\manuel villalongin corregido-geo.dwg,Model,20/05/2009 06:08:00 p.m.,x,GEO.pc3,Carta,1:816.378,
E:\imss\Clasificacion de clinicas\MATUGEO-COENEO\Matujeo - Coeneo-GEO.dwg,Model,20/05/2009 06:33:30 p.m.,x,GEO.pc3,Carta,1:816.378,
E:\imss\Clasificacion de clinicas\MIRANDILLAS-YURECUARO\mirandillas-Yurecuaro.dwg,Model,21/05/2009 10:18:30 a.m.,x,GEO.pc3,Carta,1:544.252,
E:\imss\Clasificacion de clinicas\NUEVO CENTRO BELLAS FUENTES-LA HUACANA\nuevo centro imss.dwg,Model,21/05/2009 12:10:30 p.m.,x,GEO.pc3,Carta,1:816.378,
E:\imss\Clasificacion de clinicas\NUEVO CENTRO BELLAS FUENTES-LA HUACANA\nuevo centro imss.dwg,Model,21/05/2009 12:12:37 p.m.,x,GEO.pc3,Carta,1:816.378,
F:\crucero zinapecuaro jorge carranza.dwg,Model,21/05/2009 01:11:37 p.m.,x,HP Designjet 500 42 by HP (temporary).pc3,ANSI B (portrait),1:37.3002,
E:\imss\Clasificacion de clinicas\NUEVO CORONDIRO-MUJICA\EL CAPIRE DE NUEVA ITALIA nuevo corondiro-PARACUARO-geo.dwg,Model,21/05/2009 01:22:46 p.m.,x,GEO.pc3,Carta,1:816.378,
E:\imss\Clasificacion de clinicas\NUEVO CORONDIRO-MUJICA\EL CAPIRE DE NUEVA ITALIA nuevo corondiro-PARACUARO-geo.dwg,Model,21/05/2009 01:26:21 p.m.,x,GEO.pc3,Carta,1:816.378,
E:\imss\Clasificacion de clinicas\OCURIO-ZITACUARO\OCURIO-ZITACUARO (2).DWG,Model,21/05/2009 03:54:59 p.m.,x,GEO.pc3,Carta,1:816.378,
E:\imss\Clasificacion de clinicas\OJO DE RANA-MARCOS CASTELLANOS\ojo de rana-san marcos-GEO.dwg,Model,21/05/2009 04:32:07 p.m.,x,GEO.pc3,Carta,1:544.252,
E:\imss\Clasificacion de clinicas\OPOPEO-SALVADOR ESCALANTE\07901702-OPOPEO-villaescalante.dwg,Model,21/05/2009 05:52:49 p.m.,x,GEO.pc3,Carta,1:172.042,
E:\imss\Clasificacion de clinicas\OROPEO-LA HUACANA\el algodon y oropeo-geo.dwg,Model,21/05/2009 06:26:39 p.m.,x,GEO.pc3,Carta,1:816.378,
E:\imss\Clasificacion de clinicas\PASO DEL MUERTO-SALVADOR ESCALANTE\PASO DEL MUERTO-PAZTCUARO-IMSS.dwg,Model,22/05/2009 09:47:53 a.m.,x,GEO.pc3,Carta,1:544.252,
E:\imss\Clasificacion de clinicas\PLAYA DE GUADALUPE-ARIO DE ROSALES\LA PLAYA DE GUADALUPE (LA PLAYA)-ARIO DE ROSALES-ejido-imss-GEO.dwg,Model,22/05/2009 10:31:13 a.m.,x,GEO.pc3,Carta,1:544.252,
F:\crucero zinapecuaro jorge carranza.dwg,Model,22/05/2009 10:41:35 a.m.,x,HP Designjet 500 42 by HP.pc3,ANSI B (portrait),1:28.6193,
E:\imss\Clasificacion de clinicas\POTURO-CHURUMUCO\POTURO-CHURUMUCO-FGEO.dwg,Model,22/05/2009 12:26:50 p.m.,x,GEO.pc3,Carta,1:1088.5,
E:\imss\Clasificacion de clinicas\PUCUATO-HIDALGO\PuCUATO - HIDALGO-GEO.dwg,Model,22/05/2009 12:48:05 p.m.,x,GEO.pc3,Carta,1:1088.5,
\\PENTIUM1\topograf\bodega panteon.dwg,Model,22/05/2009 01:07:15 p.m.,x,900x600.pc3,Pers. 1:  900  x  600 mm. (landscape),1:0.15,
E:\imss\Clasificacion de clinicas\PUEBLO VIEJO-LA HUACANA\pueblo viejo-ejido-LA HUACANA-imss-geo.dwg,Model,22/05/2009 05:28:31 p.m.,x,GEO.pc3,Carta,1:32.1409,
E:\imss\Clasificacion de clinicas\PUEBLO VIEJO-LA HUACANA\pueblo viejo-ejido-LA HUACANA-imss-geo.dwg,Model,22/05/2009 05:30:43 p.m.,x,GEO.pc3,Carta,1:32.1409,
E:\imss\Clasificacion de clinicas\RAZO DE ORGANO-BUENAVISTA\RAZO DEL ORGANO-GEO.dwg,Model,22/05/2009 05:50:11 p.m.,x,GEO.pc3,Carta,1:32.1409,
E:\imss\Clasificacion de clinicas\SAN ANTONIO DE LAS HUERTAS-NOCUPETARO\SAN ANTONIO DE LAS HUERTAS-Nocupétaro-geo.dwg,Model,23/05/2009 09:27:43 a.m.,x,GEO.pc3,Carta,1:51.4254,
E:\imss\Clasificacion de clinicas\SAN JOSE DE GUADALUPE-TLALPUJAHUA\SAN JOSE DE GUADALUPE.dwg,Model,23/05/2009 10:21:52 a.m.,x,GEO.pc3,Carta,1:21.4272,
E:\imss\Clasificacion de clinicas\SAN MIGUEL CURINGUATO-MARAVATIO\san miguel curinguato-MARAVATIO-IMSS (2).dwg,Model,23/05/2009 12:34:23 p.m.,x,GEO.pc3,Carta,1:21.4272,
E:\imss\Clasificacion de clinicas\SAN MIGUEL LA RATA-EPITACIO HUERTA\san miguel la rata-epitacio huerta-geo.dwg,Model,23/05/2009 01:56:40 p.m.,x,GEO.pc3,Carta,1:21.4272,
E:\imss\Clasificacion de clinicas\SAN MIGUEL TECACHO-HUANIQUEO\Tecacho - HUANIQUEO-geo.dwg,Model,25/05/2009 10:03:02 a.m.,x,GEO.pc3,Carta,1:32.1409,
E:\imss\Clasificacion de clinicas\SAN MIGUEL TECACHO-HUANIQUEO\Tecacho - HUANIQUEO-geo.dwg,Model,25/05/2009 10:04:47 a.m.,x,GEO.pc3,Carta,1:32.1409,
E:\imss\Clasificacion de clinicas\SAN NICOLAS OBISPO-MORELIA\sn Nicolas obispo-morelia-GEO.dwg,Model,25/05/2009 11:23:54 a.m.,x,GEO.pc3,Carta,1:21.4272,
E:\imss\Clasificacion de clinicas\SAN PEDRO BOCANEO-ZINAPECUARO\SAN PEDRO BOCANEO-ZINAPECUARO-IMSS-geo.dwg,Model,25/05/2009 12:49:37 p.m.,x,GEO.pc3,Carta,1:32.1409,
E:\imss\Clasificacion de clinicas\SAN PEDRO EL GRANDE-SAN LUCAS\SAN PEDRO - SAN LUCAS-geo.dwg,Model,25/05/2009 01:48:14 p.m.,x,GEO.pc3,Carta,1:21.4272,
E:\imss\Clasificacion de clinicas\TUPATARO-SENGUIO\tupataro-sengio.dwg,Model,25/05/2009 02:54:32 p.m.,x,GEO.pc3,Carta,1:2.48277,
E:\imss\Clasificacion de clinicas\SANTA ANA ZIROSTO-URUAPAN\stana zirosto - uruapan-imss.dwg,Model,25/05/2009 03:54:50 p.m.,x,GEO.pc3,Carta,1:21.4272,
E:\imss\Clasificacion de clinicas\SANTA CLAR-PURUANDIRO\santa clara-PURUANDIRO-IMSS.dwg,Model,25/05/2009 04:17:15 p.m.,x,GEO.pc3,Carta,1:25.7127,
E:\imss\Clasificacion de clinicas\TRES MEZQUITES-JOSE SIXTO VERDUSCO\Tres Mezquites - Jose Sixto V-geo..dwg,Model,25/05/2009 04:42:08 p.m.,x,GEO.pc3,Carta,1:21.4272,
E:\imss\Clasificacion de clinicas\CHERAN BARRIO-CHERAN\cheran barrio paricutin-cheran.dwg,Model,29/05/2009 12:21:17 p.m.,x,GEO.pc3,Carta,1:53.5013,
E:\imss\Clasificacion de clinicas\COMANJA-COENEO\comanja-coeneo-terreno (2).dwg,Model,29/05/2009 12:53:11 p.m.,x,GEO.pc3,Carta,1:0.849162,
E:\imss\Clasificacion de clinicas\COMANJA-COENEO\comanja-coeneo-terreno (2).dwg,Model,29/05/2009 12:58:21 p.m.,x,GEO.pc3,Carta,1:0.849162,
E:\imss\Clasificacion de clinicas\COMANJA-COENEO\comanja-coeneo-terreno (2).dwg,Model,29/05/2009 12:58:27 p.m.,x,GEO.pc3,Carta,1:0.849162,
E:\imss\Clasificacion de clinicas\COMANJA-COENEO\comanja-coeneo-terreno (2).dwg,Model,29/05/2009 01:09:36 p.m.,x,GEO.pc3,Carta,1:0.849162,
E:\imss\Clasificacion de clinicas\COMANJA-COENEO\comanja-coeneo-terreno (2).dwg,Model,29/05/2009 01:10:59 p.m.,x,GEO.pc3,Carta,1:0.849162,
E:\imss\Clasificacion de clinicas\COMANJA-COENEO\comanja-coeneo-terreno (2).dwg,Model,29/05/2009 01:12:02 p.m.,x,GEO.pc3,Carta,1:0.307367,
E:\imss\Clasificacion de clinicas\COMANJA-COENEO\comanja-coeneo-terreno (2).dwg,Model,29/05/2009 01:15:46 p.m.,x,GEO.pc3,Carta,1:0.170818,
E:\imss\Clasificacion de clinicas\COMANJA-COENEO\comanja-coeneo-terreno (2).dwg,Model,29/05/2009 01:23:59 p.m.,x,GEO.pc3,Carta,1:0.170818,
E:\imss\Clasificacion de clinicas\JOSE MARIA MORELOS-ZINAPECUARO\jose maria morelos-zinapecuaro.dwg,Model,29/05/2009 01:31:31 p.m.,x,GEO.pc3,Carta,1:8.43592,
E:\imss\Clasificacion de clinicas\EL CUAJILOTE-SAN LUCAS\elcuajilote-SANLUCAS-IMSS.dwg,Model,29/05/2009 06:04:39 p.m.,x,hp deskjet 5550 series (HPA),Oficio,1:0.5,
