Microsoft HTML Help Compiler 4.74.8702

Compiling c:\gdclimex_tmphhp\gdclimex.chm

Bienvenido.html
Acerca.html
Requisitos.html
IntroducingYourProduct.html
FileMenu.html
bases-de-datos.html
EditMenu.html
graficas-de-preseleccion.html
individual.html
general.html
correlacion.html
gdclimex.hhc
gdclimex.hhk
Requisitosb1.PNG
FileMenub1.PNG
FileMenub2.PNG
EditMenub1.PNG
graficas-de-preseleccionb1.PNG
individualb1.PNG
generalb1.PNG
generalb2.PNG
correlacionb1.PNG
hm.css

Compile time: 0 minutes, 4 seconds
13	Topics
59	Local links
0	Internet links
9	Graphics


Created c:\gdclimex_tmphhp\gdclimex.chm, 1,581,298 bytes
Compression decreased file by 354,985 bytes.
